2018-10-04 20:23:32 +0000  Initial pipeline context: <IDEDistributionProcessingPipelineContext: 0x7fcfe1be9110; archive(resolved)='<IDEArchive: 0x7fcfe1ac0050>', distributionTask(resolved)='2', distributionDestination(resolved)='1', distributionMethod(resolved)='<IDEDistributionMethodDevelopmentSigned: 0x7fcfe0bdc8b0>', team(resolved)='<IDEProvisioningDisambiguatableBasicTeam: 0x7fcfde56a3f0; teamID='XTM65VN8C5', teamName='sewon ahn', teamType='Individual', username='sewonist@gmail.com', isFreeProvisioningTeam='0'>'>
	Chain (12, self inclusive):
	<IDEDistributionProcessingPipelineContext: 0x7fcfe1be9110; archive = '<IDEArchive: 0x7fcfe1ac0050>', distributionMethod='<IDEDistributionMethodDevelopmentSigned: 0x7fcfe0bdc8b0>', team='<IDEProvisioningDisambiguatableBasicTeam: 0x7fcfde56a3f0; teamID='XTM65VN8C5', teamName='sewon ahn', teamType='Individual', username='sewonist@gmail.com', isFreeProvisioningTeam='0'>'>
	<IDEDistributionProcessingPipelineContext: 0x7fcfe1aa1090; archive = '<IDEArchive: 0x7fcfe1ac0050>', distributionMethod='<IDEDistributionMethodDevelopmentSigned: 0x7fcfe0bdc8b0>', team='<IDEProvisioningDisambiguatableBasicTeam: 0x7fcfde56a3f0; teamID='XTM65VN8C5', teamName='sewon ahn', teamType='Individual', username='sewonist@gmail.com', isFreeProvisioningTeam='0'>'>
	<IDEDistributionContext: 0x7fcfe1aa4000; archive = '<IDEArchive: 0x7fcfe1ac0050>', distributionMethod='<IDEDistributionMethodDevelopmentSigned: 0x7fcfe0bdc8b0>', team='<IDEProvisioningDisambiguatableBasicTeam: 0x7fcfde56a3f0; teamID='XTM65VN8C5', teamName='sewon ahn', teamType='Individual', username='sewonist@gmail.com', isFreeProvisioningTeam='0'>'>
	<IDEDistributionContext: 0x7fcfe1f116c0; archive = '<IDEArchive: 0x7fcfe1ac0050>', distributionMethod='<IDEDistributionMethodDevelopmentSigned: 0x7fcfe0bdc8b0>', team='<IDEProvisioningDisambiguatableBasicTeam: 0x7fcfde56a3f0; teamID='XTM65VN8C5', teamName='sewon ahn', teamType='Individual', username='sewonist@gmail.com', isFreeProvisioningTeam='0'>'>
	<IDEDistributionContext: 0x7fcfe1bbebb0; archive = '<IDEArchive: 0x7fcfe1ac0050>', distributionMethod='<IDEDistributionMethodDevelopmentSigned: 0x7fcfe0bdc8b0>', team='<IDEProvisioningDisambiguatableBasicTeam: 0x7fcfde56a3f0; teamID='XTM65VN8C5', teamName='sewon ahn', teamType='Individual', username='sewonist@gmail.com', isFreeProvisioningTeam='0'>'>
	<IDEDistributionContext: 0x7fcfe1dcc5e0; archive = '<IDEArchive: 0x7fcfe1ac0050>', distributionMethod='<IDEDistributionMethodDevelopmentSigned: 0x7fcfe0bdc8b0>', team='<IDEProvisioningDisambiguatableBasicTeam: 0x7fcfde56a3f0; teamID='XTM65VN8C5', teamName='sewon ahn', teamType='Individual', username='sewonist@gmail.com', isFreeProvisioningTeam='0'>'>
	<IDEDistributionContext: 0x7fcfe1dc6630; archive = '<IDEArchive: 0x7fcfe1ac0050>', distributionMethod='<IDEDistributionMethodDevelopmentSigned: 0x7fcfe0bdc8b0>', team='<IDEProvisioningDisambiguatableBasicTeam: 0x7fcfde56a3f0; teamID='XTM65VN8C5', teamName='sewon ahn', teamType='Individual', username='sewonist@gmail.com', isFreeProvisioningTeam='0'>'>
	<IDEDistributionContext: 0x7fcfe1b189c0; archive = '<IDEArchive: 0x7fcfe1ac0050>', distributionMethod='<IDEDistributionMethodDevelopmentSigned: 0x7fcfe0bdc8b0>', team='<IDEProvisioningDisambiguatableBasicTeam: 0x7fcfde56a3f0; teamID='XTM65VN8C5', teamName='sewon ahn', teamType='Individual', username='sewonist@gmail.com', isFreeProvisioningTeam='0'>'>
	<IDEDistributionContext: 0x7fcfe0fa6290; archive = '<IDEArchive: 0x7fcfe1ac0050>', distributionMethod='<IDEDistributionMethodDevelopmentSigned: 0x7fcfe0bdc8b0>', team='<IDEProvisioningDisambiguatableBasicTeam: 0x7fcfde56a3f0; teamID='XTM65VN8C5', teamName='sewon ahn', teamType='Individual', username='sewonist@gmail.com', isFreeProvisioningTeam='0'>'>
	<IDEDistributionContext: 0x7fcfe1dbdf70; archive = '<IDEArchive: 0x7fcfe1ac0050>', distributionMethod='<IDEDistributionMethodDevelopmentSigned: 0x7fcfe0bdc8b0>', team='(null)'>
	<IDEDistributionContext: 0x7fcfdd621e40; archive = '<IDEArchive: 0x7fcfe1ac0050>', distributionMethod='<IDEDistributionMethodDevelopmentSigned: 0x7fcfe0bdc8b0>', team='(null)'>
	<IDEDistributionContext: 0x7fcfde585b00; archive = '<IDEArchive: 0x7fcfe1ac0050>', distributionMethod='(null)', team='(null)'>
</IDEDistributionProcessingPipelineContext: 0x7fcfe1be9110>
2018-10-04 20:23:32 +0000  Processing step: IDEDistributionCreateDestRootStep
2018-10-04 20:23:32 +0000  Processing step: IDEDistributionCopyItemStep
2018-10-04 20:23:32 +0000  Running /usr/bin/ditto '-V' '/Users/sewonist/Library/Developer/Xcode/Archives/2018-10-04/Unity-iPhone 04-10-2018, 1.21 PM.xcarchive/Products/Applications/tlm.app' '/var/folders/x2/59hg8n2x57zglq5h9c6ghsx40000gp/T/XcodeDistPipeline.QGs/Root/Payload/tlm.app'
2018-10-04 20:23:32 +0000  >>> Copying /Users/sewonist/Library/Developer/Xcode/Archives/2018-10-04/Unity-iPhone 04-10-2018, 1.21 PM.xcarchive/Products/Applications/tlm.app 
2018-10-04 20:23:32 +0000  copying file ./_CodeSignature/CodeResources ... 
2018-10-04 20:23:32 +0000  29819 bytes for ./_CodeSignature/CodeResources
2018-10-04 20:23:32 +0000  copying file ./LaunchImage-1100-Portrait-2436h@3x.png ... 
2018-10-04 20:23:32 +0000  14552 bytes for ./LaunchImage-1100-Portrait-2436h@3x.png
2018-10-04 20:23:32 +0000  copying file ./tlm ... 
2018-10-04 20:23:32 +0000  43979072 bytes for ./tlm
copying file ./LaunchImage@2x.png ... 
2018-10-04 20:23:32 +0000  3933 bytes for ./LaunchImage@2x.png
2018-10-04 20:23:32 +0000  copying file ./AppIcon20x20@2x.png ... 
2018-10-04 20:23:32 +0000  1144 bytes for ./AppIcon20x20@2x.png
copying file ./LaunchScreen-iPhonePortrait.png ... 
2018-10-04 20:23:32 +0000  11130 bytes for ./LaunchScreen-iPhonePortrait.png
copying file ./LaunchScreen-iPhoneLandscape.png ... 
2018-10-04 20:23:32 +0000  174 bytes for ./LaunchScreen-iPhoneLandscape.png
2018-10-04 20:23:32 +0000  copying file ./AppIcon20x20@3x.png ... 
2018-10-04 20:23:32 +0000  1357 bytes for ./AppIcon20x20@3x.png
2018-10-04 20:23:32 +0000  copying file ./AppIcon29x29.png ... 
2018-10-04 20:23:32 +0000  900 bytes for ./AppIcon29x29.png
2018-10-04 20:23:32 +0000  copying file ./LaunchScreen-iPad.nib ... 
2018-10-04 20:23:32 +0000  1443 bytes for ./LaunchScreen-iPad.nib
2018-10-04 20:23:32 +0000  copying file ./LaunchImage-568h@2x.png ... 
2018-10-04 20:23:32 +0000  4617 bytes for ./LaunchImage-568h@2x.png
2018-10-04 20:23:32 +0000  copying file ./LaunchScreen-iPhone.nib ... 
2018-10-04 20:23:32 +0000  4569 bytes for ./LaunchScreen-iPhone.nib
2018-10-04 20:23:32 +0000  copying file ./AppIcon60x60@2x.png ... 
2018-10-04 20:23:32 +0000  2134 bytes for ./AppIcon60x60@2x.png
copying file ./AppIcon29x29@2x.png ... 
2018-10-04 20:23:32 +0000  1308 bytes for ./AppIcon29x29@2x.png
copying file ./LaunchImage-1100-Landscape-2436h@3x.png ... 
2018-10-04 20:23:32 +0000  12707 bytes for ./LaunchImage-1100-Landscape-2436h@3x.png
2018-10-04 20:23:32 +0000  copying file ./LaunchImage-800-667h@2x.png ... 
2018-10-04 20:23:32 +0000  5949 bytes for ./LaunchImage-800-667h@2x.png
2018-10-04 20:23:32 +0000  copying file ./LaunchImage-Portrait@2x~ipad.png ... 
2018-10-04 20:23:32 +0000  15515 bytes for ./LaunchImage-Portrait@2x~ipad.png
2018-10-04 20:23:32 +0000  copying file ./AppIcon40x40@3x.png ... 
2018-10-04 20:23:32 +0000  2134 bytes for ./AppIcon40x40@3x.png
copying file ./AppIcon29x29~ipad.png ... 
2018-10-04 20:23:32 +0000  900 bytes for ./AppIcon29x29~ipad.png
2018-10-04 20:23:32 +0000  copying file ./AppIcon40x40@2x.png ... 
2018-10-04 20:23:32 +0000  1716 bytes for ./AppIcon40x40@2x.png
2018-10-04 20:23:32 +0000  copying file ./LaunchImage-Portrait~ipad.png ... 
2018-10-04 20:23:32 +0000  4691 bytes for ./LaunchImage-Portrait~ipad.png
2018-10-04 20:23:32 +0000  copying file ./AppIcon29x29@3x.png ... 
2018-10-04 20:23:32 +0000  1869 bytes for ./AppIcon29x29@3x.png
2018-10-04 20:23:32 +0000  copying file ./AppIcon60x60@3x.png ... 
2018-10-04 20:23:32 +0000  3405 bytes for ./AppIcon60x60@3x.png
2018-10-04 20:23:32 +0000  copying file ./LaunchScreen-iPad.png ... 
2018-10-04 20:23:32 +0000  138 bytes for ./LaunchScreen-iPad.png
2018-10-04 20:23:32 +0000  copying file ./LaunchImage-Landscape~ipad.png ... 
2018-10-04 20:23:32 +0000  4433 bytes for ./LaunchImage-Landscape~ipad.png
2018-10-04 20:23:32 +0000  copying file ./LaunchImage-700-Portrait~ipad.png ... 
2018-10-04 20:23:32 +0000  4691 bytes for ./LaunchImage-700-Portrait~ipad.png
2018-10-04 20:23:32 +0000  copying file ./Assets.car ... 
2018-10-04 20:23:32 +0000  106520 bytes for ./Assets.car
2018-10-04 20:23:32 +0000  copying file ./AppIcon40x40@2x~ipad.png ... 
2018-10-04 20:23:32 +0000  1716 bytes for ./AppIcon40x40@2x~ipad.png
2018-10-04 20:23:32 +0000  copying file ./AppIcon76x76@2x~ipad.png ... 
2018-10-04 20:23:32 +0000  2612 bytes for ./AppIcon76x76@2x~ipad.png
2018-10-04 20:23:32 +0000  copying file ./LaunchImage-800-Portrait-736h@3x.png ... 
2018-10-04 20:23:32 +0000  14196 bytes for ./LaunchImage-800-Portrait-736h@3x.png
2018-10-04 20:23:32 +0000  copying file ./LaunchImage-700@2x.png ... 
2018-10-04 20:23:32 +0000  3933 bytes for ./LaunchImage-700@2x.png
2018-10-04 20:23:32 +0000  copying file ./AppIcon83.5x83.5@2x~ipad.png ... 
2018-10-04 20:23:32 +0000  2983 bytes for ./AppIcon83.5x83.5@2x~ipad.png
2018-10-04 20:23:32 +0000  copying file ./LaunchImage-700-568h@2x.png ... 
2018-10-04 20:23:32 +0000  4617 bytes for ./LaunchImage-700-568h@2x.png
2018-10-04 20:23:32 +0000  copying file ./LaunchImage-Landscape@2x~ipad.png ... 
2018-10-04 20:23:32 +0000  14943 bytes for ./LaunchImage-Landscape@2x~ipad.png
2018-10-04 20:23:32 +0000  copying file ./AppIcon29x29@2x~ipad.png ... 
2018-10-04 20:23:32 +0000  1308 bytes for ./AppIcon29x29@2x~ipad.png
copying file ./LaunchImage-700-Landscape@2x~ipad.png ... 
2018-10-04 20:23:32 +0000  14943 bytes for ./LaunchImage-700-Landscape@2x~ipad.png
copying file ./AppIcon40x40~ipad.png ... 
2018-10-04 20:23:32 +0000  1144 bytes for ./AppIcon40x40~ipad.png
2018-10-04 20:23:32 +0000  copying file ./Frameworks/Vuforia.framework/_CodeSignature/CodeResources ... 
2018-10-04 20:23:32 +0000  2202 bytes for ./Frameworks/Vuforia.framework/_CodeSignature/CodeResources
2018-10-04 20:23:32 +0000  copying file ./Frameworks/Vuforia.framework/Vuforia ... 
2018-10-04 20:23:32 +0000  33200656 bytes for ./Frameworks/Vuforia.framework/Vuforia
copying file ./Frameworks/Vuforia.framework/Info.plist ... 
2018-10-04 20:23:32 +0000  706 bytes for ./Frameworks/Vuforia.framework/Info.plist
copying file ./AppIcon20x20~ipad.png ... 
674 bytes for ./AppIcon20x20~ipad.png
2018-10-04 20:23:32 +0000  copying file ./Vuforia/TLM-Plastic.dat ... 
2018-10-04 20:23:32 +0000  418565 bytes for ./Vuforia/TLM-Plastic.dat
copying file ./Vuforia/book-gmc.dat ... 
2018-10-04 20:23:32 +0000  91098 bytes for ./Vuforia/book-gmc.dat
copying file ./Vuforia/book-gmc.xml ... 
2018-10-04 20:23:32 +0000  381 bytes for ./Vuforia/book-gmc.xml
2018-10-04 20:23:32 +0000  copying file ./Vuforia/TLM-Plastic.xml ... 
2018-10-04 20:23:32 +0000  544 bytes for ./Vuforia/TLM-Plastic.xml
2018-10-04 20:23:32 +0000  copying file ./Vuforia/TLM-QR.xml ... 
2018-10-04 20:23:32 +0000  256 bytes for ./Vuforia/TLM-QR.xml
copying file ./Vuforia/TLM-QR.dat ... 
2018-10-04 20:23:32 +0000  50396 bytes for ./Vuforia/TLM-QR.dat
2018-10-04 20:23:32 +0000  copying file ./LaunchImage.png ... 
2018-10-04 20:23:32 +0000  1425 bytes for ./LaunchImage.png
copying file ./embedded.mobileprovision ... 
2018-10-04 20:23:32 +0000  7891 bytes for ./embedded.mobileprovision
2018-10-04 20:23:32 +0000  copying file ./Data/Managed/SymbolMap-32 ... 
2018-10-04 20:23:32 +0000  999760 bytes for ./Data/Managed/SymbolMap-32
2018-10-04 20:23:32 +0000  copying file ./Data/Managed/Resources/mscorlib.dll-resources.dat ... 
2018-10-04 20:23:32 +0000  337563 bytes for ./Data/Managed/Resources/mscorlib.dll-resources.dat
2018-10-04 20:23:32 +0000  copying file ./Data/Managed/mono/2.0/machine.config ... 
2018-10-04 20:23:32 +0000  27625 bytes for ./Data/Managed/mono/2.0/machine.config
2018-10-04 20:23:32 +0000  copying file ./Data/Managed/mono/4.0/machine.config ... 
2018-10-04 20:23:32 +0000  33648 bytes for ./Data/Managed/mono/4.0/machine.config
2018-10-04 20:23:32 +0000  copying file ./Data/Managed/Metadata/global-metadata.dat ... 
2018-10-04 20:23:32 +0000  3355916 bytes for ./Data/Managed/Metadata/global-metadata.dat
2018-10-04 20:23:32 +0000  copying file ./Data/sharedassets3.assets ... 
2018-10-04 20:23:32 +0000  9444 bytes for ./Data/sharedassets3.assets
copying file ./Data/sharedassets0.resource ... 
2018-10-04 20:23:32 +0000  184384 bytes for ./Data/sharedassets0.resource
copying file ./Data/globalgamemanagers ... 
2018-10-04 20:23:32 +0000  58256 bytes for ./Data/globalgamemanagers
copying file ./Data/sharedassets1.assets.resS ... 
2018-10-04 20:23:32 +0000  11008 bytes for ./Data/sharedassets1.assets.resS
copying file ./Data/sharedassets1.assets ... 
2018-10-04 20:23:32 +0000  21456 bytes for ./Data/sharedassets1.assets
2018-10-04 20:23:32 +0000  copying file ./Data/boot.config ... 
2018-10-04 20:23:32 +0000  68 bytes for ./Data/boot.config
2018-10-04 20:23:32 +0000  copying file ./Data/level4 ... 
2018-10-04 20:23:32 +0000  20392 bytes for ./Data/level4
copying file ./Data/sharedassets2.assets.resS ... 
2018-10-04 20:23:32 +0000  32566240 bytes for ./Data/sharedassets2.assets.resS
copying file ./Data/level3 ... 
2018-10-04 20:23:32 +0000  98348 bytes for ./Data/level3
copying file ./Data/resources.assets ... 
2018-10-04 20:23:32 +0000  370396 bytes for ./Data/resources.assets
2018-10-04 20:23:32 +0000  copying file ./Data/Resources/unity_builtin_extra ... 
2018-10-04 20:23:32 +0000  687228 bytes for ./Data/Resources/unity_builtin_extra
2018-10-04 20:23:32 +0000  copying file ./Data/sharedassets5.assets ... 
2018-10-04 20:23:32 +0000  20232 bytes for ./Data/sharedassets5.assets
copying file ./Data/unity default resources ... 
2018-10-04 20:23:32 +0000  6174708 bytes for ./Data/unity default resources
2018-10-04 20:23:32 +0000  copying file ./Data/level2 ... 
2018-10-04 20:23:32 +0000  192784 bytes for ./Data/level2
copying file ./Data/level5 ... 
2018-10-04 20:23:32 +0000  26416 bytes for ./Data/level5
copying file ./Data/sharedassets0.assets.resS ... 
2018-10-04 20:23:32 +0000  9453564 bytes for ./Data/sharedassets0.assets.resS
copying file ./Data/level1.resS ... 
2018-10-04 20:23:32 +0000  393212 bytes for ./Data/level1.resS
copying file ./Data/sharedassets2.assets ... 
2018-10-04 20:23:32 +0000  2530902 bytes for ./Data/sharedassets2.assets
copying file ./Data/sharedassets0.assets ... 
2018-10-04 20:23:32 +0000  14717960 bytes for ./Data/sharedassets0.assets
copying file ./Data/sharedassets5.assets.resS ... 
2018-10-04 20:23:32 +0000  13456896 bytes for ./Data/sharedassets5.assets.resS
copying file ./Data/level0 ... 
2018-10-04 20:23:32 +0000  57860 bytes for ./Data/level0
copying file ./Data/sharedassets4.assets ... 
2018-10-04 20:23:32 +0000  5537 bytes for ./Data/sharedassets4.assets
copying file ./Data/level1 ... 
2018-10-04 20:23:32 +0000  6884 bytes for ./Data/level1
2018-10-04 20:23:32 +0000  copying file ./Data/resources.assets.resS ... 
2018-10-04 20:23:32 +0000  8077836 bytes for ./Data/resources.assets.resS
2018-10-04 20:23:32 +0000  copying file ./Data/Raw/Vuforia/TLM-Plastic.dat ... 
2018-10-04 20:23:32 +0000  418565 bytes for ./Data/Raw/Vuforia/TLM-Plastic.dat
2018-10-04 20:23:32 +0000  copying file ./Data/Raw/Vuforia/book-gmc.dat ... 
2018-10-04 20:23:32 +0000  91098 bytes for ./Data/Raw/Vuforia/book-gmc.dat
copying file ./Data/Raw/Vuforia/book-gmc.xml ... 
2018-10-04 20:23:32 +0000  381 bytes for ./Data/Raw/Vuforia/book-gmc.xml
copying file ./Data/Raw/Vuforia/TLM-Plastic.xml ... 
2018-10-04 20:23:32 +0000  544 bytes for ./Data/Raw/Vuforia/TLM-Plastic.xml
2018-10-04 20:23:32 +0000  copying file ./Data/Raw/Vuforia/TLM-QR.xml ... 
2018-10-04 20:23:32 +0000  256 bytes for ./Data/Raw/Vuforia/TLM-QR.xml
2018-10-04 20:23:32 +0000  copying file ./Data/Raw/Vuforia/TLM-QR.dat ... 
2018-10-04 20:23:32 +0000  50396 bytes for ./Data/Raw/Vuforia/TLM-QR.dat
2018-10-04 20:23:32 +0000  copying file ./Data/globalgamemanagers.assets ... 
2018-10-04 20:23:32 +0000  125380 bytes for ./Data/globalgamemanagers.assets
copying file ./Data/sharedassets3.assets.resS ... 
2018-10-04 20:23:32 +0000  792060 bytes for ./Data/sharedassets3.assets.resS
2018-10-04 20:23:32 +0000  copying file ./LaunchImage-800-Landscape-736h@3x.png ... 
2018-10-04 20:23:32 +0000  12887 bytes for ./LaunchImage-800-Landscape-736h@3x.png
copying file ./LaunchImage-700-Portrait@2x~ipad.png ... 
2018-10-04 20:23:32 +0000  15515 bytes for ./LaunchImage-700-Portrait@2x~ipad.png
2018-10-04 20:23:32 +0000  copying file ./LaunchImage-700-Landscape~ipad.png ... 
2018-10-04 20:23:32 +0000  4433 bytes for ./LaunchImage-700-Landscape~ipad.png
copying file ./AppIcon20x20@2x~ipad.png ... 
2018-10-04 20:23:32 +0000  1144 bytes for ./AppIcon20x20@2x~ipad.png
2018-10-04 20:23:32 +0000  copying file ./Info.plist ... 
2018-10-04 20:23:32 +0000  2748 bytes for ./Info.plist
copying file ./PkgInfo ... 
2018-10-04 20:23:32 +0000  8 bytes for ./PkgInfo
copying file ./AppIcon76x76~ipad.png ... 
2018-10-04 20:23:32 +0000  1632 bytes for ./AppIcon76x76~ipad.png
2018-10-04 20:23:32 +0000  /usr/bin/ditto exited with 0
2018-10-04 20:23:32 +0000  Processing step: IDEDistributionEmbedProfileStep
2018-10-04 20:23:32 +0000  Skipping profile for item: <IDEDistributionItem: 0x7fcfe195e670 'com.vuforia.Vuforia' '<DVTFilePath:0x7fcfe1e01e60:'/Users/sewonist/Library/Developer/Xcode/Archives/2018-10-04/Unity-iPhone 04-10-2018, 1.21 PM.xcarchive/Products/Applications/tlm.app/Frameworks/Vuforia.framework'>'>
2018-10-04 20:23:32 +0000  Processing step: IDEDistributionAppThinningPlistStep
2018-10-04 20:23:32 +0000  Skipping step: IDEDistributionAppThinningPlistStep because it said so
2018-10-04 20:23:32 +0000  Processing step: IDEDistributionCompileBitcodeStep
2018-10-04 20:23:32 +0000  Skipping step: IDEDistributionCompileBitcodeStep because it said so
2018-10-04 20:23:32 +0000  Processing step: IDEDistributionCodeSlimmingStep
2018-10-04 20:23:32 +0000  Processing step: IDEDistributionCopyBCSymbolMapsStep
2018-10-04 20:23:32 +0000  Skipping step: IDEDistributionCopyBCSymbolMapsStep because it said so
2018-10-04 20:23:32 +0000  Skipping step: IDEDistributionCopyBCSymbolMapsStep because it said so
2018-10-04 20:23:32 +0000  Processing step: IDEDistributionSymbolsStep
2018-10-04 20:23:32 +0000  Skipping step: IDEDistributionSymbolsStep because it said so
2018-10-04 20:23:32 +0000  Skipping step: IDEDistributionSymbolsStep because it said so
2018-10-04 20:23:32 +0000  Processing step: IDEDistributionAppThinningStep
2018-10-04 20:23:32 +0000  Skipping step: IDEDistributionAppThinningStep because it said so
2018-10-04 20:23:32 +0000  Processing step: IDEDistributionODRStep
2018-10-04 20:23:32 +0000  Processing step: IDEDistributionStripXattrsStep
2018-10-04 20:23:32 +0000  Skipping stripping extended attributes of item: <IDEDistributionItem: 0x7fcfe195e670 'com.vuforia.Vuforia' '<DVTFilePath:0x7fcfe1e01e60:'/Users/sewonist/Library/Developer/Xcode/Archives/2018-10-04/Unity-iPhone 04-10-2018, 1.21 PM.xcarchive/Products/Applications/tlm.app/Frameworks/Vuforia.framework'>'>
2018-10-04 20:23:32 +0000  Running /usr/bin/xattr '-crs' '/var/folders/x2/59hg8n2x57zglq5h9c6ghsx40000gp/T/XcodeDistPipeline.QGs/Root/Payload/tlm.app'
2018-10-04 20:23:32 +0000  /usr/bin/xattr exited with 0
2018-10-04 20:23:32 +0000  Processing step: IDEDistributionCodesignStep
2018-10-04 20:23:32 +0000  Entitlements for <IDEDistributionItem: 0x7fcfe195e670 'com.vuforia.Vuforia' '<DVTFilePath:0x7fcfe1e01e60:'/Users/sewonist/Library/Developer/Xcode/Archives/2018-10-04/Unity-iPhone 04-10-2018, 1.21 PM.xcarchive/Products/Applications/tlm.app/Frameworks/Vuforia.framework'>'>: {
}
2018-10-04 20:23:32 +0000  Writing entitlements for <IDEDistributionItem: 0x7fcfe195e670 'com.vuforia.Vuforia' '<DVTFilePath:0x7fcfe1e01e60:'/Users/sewonist/Library/Developer/Xcode/Archives/2018-10-04/Unity-iPhone 04-10-2018, 1.21 PM.xcarchive/Products/Applications/tlm.app/Frameworks/Vuforia.framework'>'> to: /var/folders/x2/59hg8n2x57zglq5h9c6ghsx40000gp/T/XcodeDistPipeline.QGs/entitlementsre4jVb
2018-10-04 20:23:32 +0000  Running /usr/bin/codesign '-vvv' '--force' '--sign' '6F25882F9FFED419B313A5A94FFC739B5B43F541' '--entitlements' '/var/folders/x2/59hg8n2x57zglq5h9c6ghsx40000gp/T/XcodeDistPipeline.QGs/entitlementsre4jVb' '--preserve-metadata=identifier,flags,runtime' '/var/folders/x2/59hg8n2x57zglq5h9c6ghsx40000gp/T/XcodeDistPipeline.QGs/Root/Payload/tlm.app/Frameworks/Vuforia.framework'
2018-10-04 20:23:32 +0000  /var/folders/x2/59hg8n2x57zglq5h9c6ghsx40000gp/T/XcodeDistPipeline.QGs/Root/Payload/tlm.app/Frameworks/Vuforia.framework: replacing existing signature
2018-10-04 20:23:33 +0000  /var/folders/x2/59hg8n2x57zglq5h9c6ghsx40000gp/T/XcodeDistPipeline.QGs/Root/Payload/tlm.app/Frameworks/Vuforia.framework: signed bundle with Mach-O universal (armv7 arm64) [com.vuforia.Vuforia]
2018-10-04 20:23:33 +0000  /usr/bin/codesign exited with 0
2018-10-04 20:23:33 +0000  Entitlements for <IDEDistributionItem: 0x7fcfe1be8840 'com.sewonist.tlm' '<DVTFilePath:0x7fcfdd61d8b0:'/Users/sewonist/Library/Developer/Xcode/Archives/2018-10-04/Unity-iPhone 04-10-2018, 1.21 PM.xcarchive/Products/Applications/tlm.app'>'>: {
    "application-identifier" = "GY7SHFT4RW.com.sewonist.tlm";
    "com.apple.developer.team-identifier" = XTM65VN8C5;
    "get-task-allow" = 1;
    "keychain-access-groups" =     (
        "GY7SHFT4RW.com.sewonist.tlm"
    );
}
2018-10-04 20:23:33 +0000  Writing entitlements for <IDEDistributionItem: 0x7fcfe1be8840 'com.sewonist.tlm' '<DVTFilePath:0x7fcfdd61d8b0:'/Users/sewonist/Library/Developer/Xcode/Archives/2018-10-04/Unity-iPhone 04-10-2018, 1.21 PM.xcarchive/Products/Applications/tlm.app'>'> to: /var/folders/x2/59hg8n2x57zglq5h9c6ghsx40000gp/T/XcodeDistPipeline.QGs/entitlementsPTAhIS
2018-10-04 20:23:33 +0000  Running /usr/bin/codesign '-vvv' '--force' '--sign' '6F25882F9FFED419B313A5A94FFC739B5B43F541' '--entitlements' '/var/folders/x2/59hg8n2x57zglq5h9c6ghsx40000gp/T/XcodeDistPipeline.QGs/entitlementsPTAhIS' '--preserve-metadata=identifier,flags,runtime' '/var/folders/x2/59hg8n2x57zglq5h9c6ghsx40000gp/T/XcodeDistPipeline.QGs/Root/Payload/tlm.app'
2018-10-04 20:23:33 +0000  /var/folders/x2/59hg8n2x57zglq5h9c6ghsx40000gp/T/XcodeDistPipeline.QGs/Root/Payload/tlm.app: replacing existing signature
2018-10-04 20:23:34 +0000  /var/folders/x2/59hg8n2x57zglq5h9c6ghsx40000gp/T/XcodeDistPipeline.QGs/Root/Payload/tlm.app: signed app bundle with Mach-O universal (armv7 arm64) [com.sewonist.tlm]
2018-10-04 20:23:34 +0000  /usr/bin/codesign exited with 0
2018-10-04 20:23:34 +0000  Processing step: IDEDistributionZipODRItemStep
2018-10-04 20:23:34 +0000  Skipping step: IDEDistributionZipODRItemStep because it said so
2018-10-04 20:23:34 +0000  Skipping step: IDEDistributionZipODRItemStep because it said so
2018-10-04 20:23:34 +0000  Processing step: IDEDistributionCreateIPAStep
2018-10-04 20:23:34 +0000  Running /usr/bin/ditto '-V' '-c' '-k' '--norsrc' '/var/folders/x2/59hg8n2x57zglq5h9c6ghsx40000gp/T/XcodeDistPipeline.QGs/Root' '/var/folders/x2/59hg8n2x57zglq5h9c6ghsx40000gp/T/XcodeDistPipeline.QGs/Packages/Unity-iPhone.ipa'
2018-10-04 20:23:34 +0000  >>> Copying /var/folders/x2/59hg8n2x57zglq5h9c6ghsx40000gp/T/XcodeDistPipeline.QGs/Root 
2018-10-04 20:23:34 +0000  copying file ./Payload/tlm.app/_CodeSignature/CodeResources ... 
2018-10-04 20:23:34 +0000  29819 bytes for ./Payload/tlm.app/_CodeSignature/CodeResources
2018-10-04 20:23:34 +0000  copying file ./Payload/tlm.app/LaunchImage-1100-Portrait-2436h@3x.png ... 
2018-10-04 20:23:34 +0000  14552 bytes for ./Payload/tlm.app/LaunchImage-1100-Portrait-2436h@3x.png
copying file ./Payload/tlm.app/tlm ... 
2018-10-04 20:23:36 +0000  43979072 bytes for ./Payload/tlm.app/tlm
copying file ./Payload/tlm.app/LaunchImage@2x.png ... 
2018-10-04 20:23:36 +0000  3933 bytes for ./Payload/tlm.app/LaunchImage@2x.png
copying file ./Payload/tlm.app/AppIcon20x20@2x.png ... 
2018-10-04 20:23:36 +0000  1144 bytes for ./Payload/tlm.app/AppIcon20x20@2x.png
copying file ./Payload/tlm.app/LaunchScreen-iPhonePortrait.png ... 
2018-10-04 20:23:36 +0000  11130 bytes for ./Payload/tlm.app/LaunchScreen-iPhonePortrait.png
copying file ./Payload/tlm.app/LaunchScreen-iPhoneLandscape.png ... 
2018-10-04 20:23:36 +0000  174 bytes for ./Payload/tlm.app/LaunchScreen-iPhoneLandscape.png
copying file ./Payload/tlm.app/AppIcon20x20@3x.png ... 
2018-10-04 20:23:36 +0000  1357 bytes for ./Payload/tlm.app/AppIcon20x20@3x.png
copying file ./Payload/tlm.app/AppIcon29x29.png ... 
2018-10-04 20:23:36 +0000  900 bytes for ./Payload/tlm.app/AppIcon29x29.png
copying file ./Payload/tlm.app/LaunchScreen-iPad.nib ... 
2018-10-04 20:23:36 +0000  1443 bytes for ./Payload/tlm.app/LaunchScreen-iPad.nib
copying file ./Payload/tlm.app/LaunchImage-568h@2x.png ... 
2018-10-04 20:23:36 +0000  4617 bytes for ./Payload/tlm.app/LaunchImage-568h@2x.png
copying file ./Payload/tlm.app/LaunchScreen-iPhone.nib ... 
2018-10-04 20:23:36 +0000  4569 bytes for ./Payload/tlm.app/LaunchScreen-iPhone.nib
copying file ./Payload/tlm.app/AppIcon60x60@2x.png ... 
2018-10-04 20:23:36 +0000  2134 bytes for ./Payload/tlm.app/AppIcon60x60@2x.png
copying file ./Payload/tlm.app/AppIcon29x29@2x.png ... 
2018-10-04 20:23:36 +0000  1308 bytes for ./Payload/tlm.app/AppIcon29x29@2x.png
2018-10-04 20:23:36 +0000  copying file ./Payload/tlm.app/LaunchImage-1100-Landscape-2436h@3x.png ... 
2018-10-04 20:23:36 +0000  12707 bytes for ./Payload/tlm.app/LaunchImage-1100-Landscape-2436h@3x.png
copying file ./Payload/tlm.app/LaunchImage-800-667h@2x.png ... 
2018-10-04 20:23:36 +0000  5949 bytes for ./Payload/tlm.app/LaunchImage-800-667h@2x.png
copying file ./Payload/tlm.app/LaunchImage-Portrait@2x~ipad.png ... 
2018-10-04 20:23:36 +0000  15515 bytes for ./Payload/tlm.app/LaunchImage-Portrait@2x~ipad.png
copying file ./Payload/tlm.app/AppIcon40x40@3x.png ... 
2018-10-04 20:23:36 +0000  2134 bytes for ./Payload/tlm.app/AppIcon40x40@3x.png
copying file ./Payload/tlm.app/AppIcon29x29~ipad.png ... 
2018-10-04 20:23:36 +0000  900 bytes for ./Payload/tlm.app/AppIcon29x29~ipad.png
2018-10-04 20:23:36 +0000  copying file ./Payload/tlm.app/AppIcon40x40@2x.png ... 
2018-10-04 20:23:36 +0000  1716 bytes for ./Payload/tlm.app/AppIcon40x40@2x.png
copying file ./Payload/tlm.app/LaunchImage-Portrait~ipad.png ... 
2018-10-04 20:23:36 +0000  4691 bytes for ./Payload/tlm.app/LaunchImage-Portrait~ipad.png
copying file ./Payload/tlm.app/AppIcon29x29@3x.png ... 
2018-10-04 20:23:36 +0000  1869 bytes for ./Payload/tlm.app/AppIcon29x29@3x.png
2018-10-04 20:23:36 +0000  copying file ./Payload/tlm.app/AppIcon60x60@3x.png ... 
2018-10-04 20:23:36 +0000  3405 bytes for ./Payload/tlm.app/AppIcon60x60@3x.png
copying file ./Payload/tlm.app/LaunchScreen-iPad.png ... 
2018-10-04 20:23:36 +0000  138 bytes for ./Payload/tlm.app/LaunchScreen-iPad.png
2018-10-04 20:23:36 +0000  copying file ./Payload/tlm.app/LaunchImage-Landscape~ipad.png ... 
2018-10-04 20:23:36 +0000  4433 bytes for ./Payload/tlm.app/LaunchImage-Landscape~ipad.png
copying file ./Payload/tlm.app/LaunchImage-700-Portrait~ipad.png ... 
2018-10-04 20:23:36 +0000  4691 bytes for ./Payload/tlm.app/LaunchImage-700-Portrait~ipad.png
2018-10-04 20:23:36 +0000  copying file ./Payload/tlm.app/Assets.car ... 
2018-10-04 20:23:36 +0000  106520 bytes for ./Payload/tlm.app/Assets.car
2018-10-04 20:23:36 +0000  copying file ./Payload/tlm.app/AppIcon40x40@2x~ipad.png ... 
2018-10-04 20:23:36 +0000  1716 bytes for ./Payload/tlm.app/AppIcon40x40@2x~ipad.png
copying file ./Payload/tlm.app/AppIcon76x76@2x~ipad.png ... 
2018-10-04 20:23:36 +0000  2612 bytes for ./Payload/tlm.app/AppIcon76x76@2x~ipad.png
2018-10-04 20:23:36 +0000  copying file ./Payload/tlm.app/LaunchImage-800-Portrait-736h@3x.png ... 
2018-10-04 20:23:36 +0000  14196 bytes for ./Payload/tlm.app/LaunchImage-800-Portrait-736h@3x.png
copying file ./Payload/tlm.app/LaunchImage-700@2x.png ... 
2018-10-04 20:23:36 +0000  3933 bytes for ./Payload/tlm.app/LaunchImage-700@2x.png
copying file ./Payload/tlm.app/AppIcon83.5x83.5@2x~ipad.png ... 
2018-10-04 20:23:36 +0000  2983 bytes for ./Payload/tlm.app/AppIcon83.5x83.5@2x~ipad.png
copying file ./Payload/tlm.app/LaunchImage-700-568h@2x.png ... 
2018-10-04 20:23:36 +0000  4617 bytes for ./Payload/tlm.app/LaunchImage-700-568h@2x.png
copying file ./Payload/tlm.app/LaunchImage-Landscape@2x~ipad.png ... 
2018-10-04 20:23:36 +0000  14943 bytes for ./Payload/tlm.app/LaunchImage-Landscape@2x~ipad.png
copying file ./Payload/tlm.app/AppIcon29x29@2x~ipad.png ... 
2018-10-04 20:23:36 +0000  1308 bytes for ./Payload/tlm.app/AppIcon29x29@2x~ipad.png
copying file ./Payload/tlm.app/LaunchImage-700-Landscape@2x~ipad.png ... 
2018-10-04 20:23:36 +0000  14943 bytes for ./Payload/tlm.app/LaunchImage-700-Landscape@2x~ipad.png
copying file ./Payload/tlm.app/AppIcon40x40~ipad.png ... 
2018-10-04 20:23:36 +0000  1144 bytes for ./Payload/tlm.app/AppIcon40x40~ipad.png
2018-10-04 20:23:36 +0000  copying file ./Payload/tlm.app/Frameworks/Vuforia.framework/_CodeSignature/CodeResources ... 
2018-10-04 20:23:36 +0000  2202 bytes for ./Payload/tlm.app/Frameworks/Vuforia.framework/_CodeSignature/CodeResources
2018-10-04 20:23:36 +0000  copying file ./Payload/tlm.app/Frameworks/Vuforia.framework/Vuforia ... 
2018-10-04 20:23:37 +0000  33200960 bytes for ./Payload/tlm.app/Frameworks/Vuforia.framework/Vuforia
copying file ./Payload/tlm.app/Frameworks/Vuforia.framework/Info.plist ... 
2018-10-04 20:23:37 +0000  706 bytes for ./Payload/tlm.app/Frameworks/Vuforia.framework/Info.plist
2018-10-04 20:23:37 +0000  copying file ./Payload/tlm.app/AppIcon20x20~ipad.png ... 
2018-10-04 20:23:37 +0000  674 bytes for ./Payload/tlm.app/AppIcon20x20~ipad.png
2018-10-04 20:23:37 +0000  copying file ./Payload/tlm.app/Vuforia/TLM-Plastic.dat ... 
2018-10-04 20:23:37 +0000  418565 bytes for ./Payload/tlm.app/Vuforia/TLM-Plastic.dat
copying file ./Payload/tlm.app/Vuforia/book-gmc.dat ... 
2018-10-04 20:23:37 +0000  91098 bytes for ./Payload/tlm.app/Vuforia/book-gmc.dat
copying file ./Payload/tlm.app/Vuforia/book-gmc.xml ... 
2018-10-04 20:23:37 +0000  381 bytes for ./Payload/tlm.app/Vuforia/book-gmc.xml
copying file ./Payload/tlm.app/Vuforia/TLM-Plastic.xml ... 
2018-10-04 20:23:37 +0000  544 bytes for ./Payload/tlm.app/Vuforia/TLM-Plastic.xml
copying file ./Payload/tlm.app/Vuforia/TLM-QR.xml ... 
2018-10-04 20:23:37 +0000  256 bytes for ./Payload/tlm.app/Vuforia/TLM-QR.xml
copying file ./Payload/tlm.app/Vuforia/TLM-QR.dat ... 
2018-10-04 20:23:37 +0000  50396 bytes for ./Payload/tlm.app/Vuforia/TLM-QR.dat
2018-10-04 20:23:37 +0000  copying file ./Payload/tlm.app/LaunchImage.png ... 
2018-10-04 20:23:37 +0000  1425 bytes for ./Payload/tlm.app/LaunchImage.png
copying file ./Payload/tlm.app/embedded.mobileprovision ... 
2018-10-04 20:23:37 +0000  7891 bytes for ./Payload/tlm.app/embedded.mobileprovision
2018-10-04 20:23:37 +0000  copying file ./Payload/tlm.app/Data/Managed/SymbolMap-32 ... 
2018-10-04 20:23:37 +0000  999760 bytes for ./Payload/tlm.app/Data/Managed/SymbolMap-32
2018-10-04 20:23:37 +0000  copying file ./Payload/tlm.app/Data/Managed/Resources/mscorlib.dll-resources.dat ... 
2018-10-04 20:23:37 +0000  337563 bytes for ./Payload/tlm.app/Data/Managed/Resources/mscorlib.dll-resources.dat
2018-10-04 20:23:37 +0000  copying file ./Payload/tlm.app/Data/Managed/mono/2.0/machine.config ... 
2018-10-04 20:23:37 +0000  27625 bytes for ./Payload/tlm.app/Data/Managed/mono/2.0/machine.config
2018-10-04 20:23:37 +0000  copying file ./Payload/tlm.app/Data/Managed/mono/4.0/machine.config ... 
2018-10-04 20:23:37 +0000  33648 bytes for ./Payload/tlm.app/Data/Managed/mono/4.0/machine.config
2018-10-04 20:23:37 +0000  copying file ./Payload/tlm.app/Data/Managed/Metadata/global-metadata.dat ... 
2018-10-04 20:23:37 +0000  3355916 bytes for ./Payload/tlm.app/Data/Managed/Metadata/global-metadata.dat
2018-10-04 20:23:37 +0000  copying file ./Payload/tlm.app/Data/sharedassets3.assets ... 
2018-10-04 20:23:37 +0000  9444 bytes for ./Payload/tlm.app/Data/sharedassets3.assets
copying file ./Payload/tlm.app/Data/sharedassets0.resource ... 
2018-10-04 20:23:37 +0000  184384 bytes for ./Payload/tlm.app/Data/sharedassets0.resource
copying file ./Payload/tlm.app/Data/globalgamemanagers ... 
2018-10-04 20:23:37 +0000  58256 bytes for ./Payload/tlm.app/Data/globalgamemanagers
copying file ./Payload/tlm.app/Data/sharedassets1.assets.resS ... 
2018-10-04 20:23:37 +0000  11008 bytes for ./Payload/tlm.app/Data/sharedassets1.assets.resS
copying file ./Payload/tlm.app/Data/sharedassets1.assets ... 
2018-10-04 20:23:37 +0000  21456 bytes for ./Payload/tlm.app/Data/sharedassets1.assets
copying file ./Payload/tlm.app/Data/boot.config ... 
2018-10-04 20:23:37 +0000  68 bytes for ./Payload/tlm.app/Data/boot.config
copying file ./Payload/tlm.app/Data/level4 ... 
2018-10-04 20:23:37 +0000  20392 bytes for ./Payload/tlm.app/Data/level4
copying file ./Payload/tlm.app/Data/sharedassets2.assets.resS ... 
2018-10-04 20:23:38 +0000  32566240 bytes for ./Payload/tlm.app/Data/sharedassets2.assets.resS
copying file ./Payload/tlm.app/Data/level3 ... 
2018-10-04 20:23:38 +0000  98348 bytes for ./Payload/tlm.app/Data/level3
copying file ./Payload/tlm.app/Data/resources.assets ... 
2018-10-04 20:23:38 +0000  370396 bytes for ./Payload/tlm.app/Data/resources.assets
2018-10-04 20:23:38 +0000  copying file ./Payload/tlm.app/Data/Resources/unity_builtin_extra ... 
2018-10-04 20:23:38 +0000  687228 bytes for ./Payload/tlm.app/Data/Resources/unity_builtin_extra
2018-10-04 20:23:38 +0000  copying file ./Payload/tlm.app/Data/sharedassets5.assets ... 
2018-10-04 20:23:38 +0000  20232 bytes for ./Payload/tlm.app/Data/sharedassets5.assets
copying file ./Payload/tlm.app/Data/unity default resources ... 
2018-10-04 20:23:38 +0000  6174708 bytes for ./Payload/tlm.app/Data/unity default resources
copying file ./Payload/tlm.app/Data/level2 ... 
2018-10-04 20:23:38 +0000  192784 bytes for ./Payload/tlm.app/Data/level2
copying file ./Payload/tlm.app/Data/level5 ... 
2018-10-04 20:23:38 +0000  26416 bytes for ./Payload/tlm.app/Data/level5
copying file ./Payload/tlm.app/Data/sharedassets0.assets.resS ... 
2018-10-04 20:23:38 +0000  9453564 bytes for ./Payload/tlm.app/Data/sharedassets0.assets.resS
copying file ./Payload/tlm.app/Data/level1.resS ... 
2018-10-04 20:23:38 +0000  393212 bytes for ./Payload/tlm.app/Data/level1.resS
copying file ./Payload/tlm.app/Data/sharedassets2.assets ... 
2018-10-04 20:23:38 +0000  2530902 bytes for ./Payload/tlm.app/Data/sharedassets2.assets
copying file ./Payload/tlm.app/Data/sharedassets0.assets ... 
2018-10-04 20:23:39 +0000  14717960 bytes for ./Payload/tlm.app/Data/sharedassets0.assets
copying file ./Payload/tlm.app/Data/sharedassets5.assets.resS ... 
2018-10-04 20:23:39 +0000  13456896 bytes for ./Payload/tlm.app/Data/sharedassets5.assets.resS
copying file ./Payload/tlm.app/Data/level0 ... 
2018-10-04 20:23:39 +0000  57860 bytes for ./Payload/tlm.app/Data/level0
copying file ./Payload/tlm.app/Data/sharedassets4.assets ... 
2018-10-04 20:23:39 +0000  5537 bytes for ./Payload/tlm.app/Data/sharedassets4.assets
copying file ./Payload/tlm.app/Data/level1 ... 
2018-10-04 20:23:39 +0000  6884 bytes for ./Payload/tlm.app/Data/level1
copying file ./Payload/tlm.app/Data/resources.assets.resS ... 
2018-10-04 20:23:39 +0000  8077836 bytes for ./Payload/tlm.app/Data/resources.assets.resS
2018-10-04 20:23:39 +0000  copying file ./Payload/tlm.app/Data/Raw/Vuforia/TLM-Plastic.dat ... 
2018-10-04 20:23:39 +0000  418565 bytes for ./Payload/tlm.app/Data/Raw/Vuforia/TLM-Plastic.dat
copying file ./Payload/tlm.app/Data/Raw/Vuforia/book-gmc.dat ... 
2018-10-04 20:23:39 +0000  91098 bytes for ./Payload/tlm.app/Data/Raw/Vuforia/book-gmc.dat
copying file ./Payload/tlm.app/Data/Raw/Vuforia/book-gmc.xml ... 
2018-10-04 20:23:39 +0000  381 bytes for ./Payload/tlm.app/Data/Raw/Vuforia/book-gmc.xml
copying file ./Payload/tlm.app/Data/Raw/Vuforia/TLM-Plastic.xml ... 
2018-10-04 20:23:39 +0000  544 bytes for ./Payload/tlm.app/Data/Raw/Vuforia/TLM-Plastic.xml
copying file ./Payload/tlm.app/Data/Raw/Vuforia/TLM-QR.xml ... 
2018-10-04 20:23:39 +0000  256 bytes for ./Payload/tlm.app/Data/Raw/Vuforia/TLM-QR.xml
copying file ./Payload/tlm.app/Data/Raw/Vuforia/TLM-QR.dat ... 
2018-10-04 20:23:39 +0000  50396 bytes for ./Payload/tlm.app/Data/Raw/Vuforia/TLM-QR.dat
2018-10-04 20:23:39 +0000  copying file ./Payload/tlm.app/Data/globalgamemanagers.assets ... 
2018-10-04 20:23:39 +0000  125380 bytes for ./Payload/tlm.app/Data/globalgamemanagers.assets
copying file ./Payload/tlm.app/Data/sharedassets3.assets.resS ... 
2018-10-04 20:23:39 +0000  792060 bytes for ./Payload/tlm.app/Data/sharedassets3.assets.resS
2018-10-04 20:23:39 +0000  copying file ./Payload/tlm.app/LaunchImage-800-Landscape-736h@3x.png ... 
2018-10-04 20:23:39 +0000  12887 bytes for ./Payload/tlm.app/LaunchImage-800-Landscape-736h@3x.png
2018-10-04 20:23:39 +0000  copying file ./Payload/tlm.app/LaunchImage-700-Portrait@2x~ipad.png ... 
2018-10-04 20:23:39 +0000  15515 bytes for ./Payload/tlm.app/LaunchImage-700-Portrait@2x~ipad.png
copying file ./Payload/tlm.app/LaunchImage-700-Landscape~ipad.png ... 
2018-10-04 20:23:39 +0000  4433 bytes for ./Payload/tlm.app/LaunchImage-700-Landscape~ipad.png
copying file ./Payload/tlm.app/AppIcon20x20@2x~ipad.png ... 
2018-10-04 20:23:39 +0000  1144 bytes for ./Payload/tlm.app/AppIcon20x20@2x~ipad.png
copying file ./Payload/tlm.app/Info.plist ... 
2018-10-04 20:23:39 +0000  2748 bytes for ./Payload/tlm.app/Info.plist
copying file ./Payload/tlm.app/PkgInfo ... 
2018-10-04 20:23:39 +0000  8 bytes for ./Payload/tlm.app/PkgInfo
copying file ./Payload/tlm.app/AppIcon76x76~ipad.png ... 
2018-10-04 20:23:39 +0000  1632 bytes for ./Payload/tlm.app/AppIcon76x76~ipad.png
2018-10-04 20:23:39 +0000  /usr/bin/ditto exited with 0
2018-10-04 20:23:39 +0000  Processing step: IDEDistributionAppStoreInformationStep
2018-10-04 20:23:39 +0000  Skipping step: IDEDistributionAppStoreInformationStep because it said so
2018-10-04 20:23:39 +0000  Processing step: IDEDistributionCreateManifestStep
