2018-08-23 07:11:55 +0000  Initial pipeline context: <IDEDistributionProcessingPipelineContext: 0x7fd6097d5f50; archive(resolved)='<IDEArchive: 0x7fd609d0ca60>', distributionTask(resolved)='2', distributionMethod(resolved)='<IDEDistributionMethodDevelopmentSigned: 0x7fd60a917740>', team(resolved)='<IDEProvisioningBasicTeam: 0x7fd60cd49b50; teamID='XTM65VN8C5', teamName='sewon ahn'>'>
	Chain (11, self inclusive):
	<IDEDistributionProcessingPipelineContext: 0x7fd6097d5f50; archive = '<IDEArchive: 0x7fd609d0ca60>', distributionMethod='<IDEDistributionMethodDevelopmentSigned: 0x7fd60a917740>', team='<IDEProvisioningBasicTeam: 0x7fd60cd49b50; teamID='XTM65VN8C5', teamName='sewon ahn'>'>
	<IDEDistributionProcessingPipelineContext: 0x7fd609ac9b40; archive = '<IDEArchive: 0x7fd609d0ca60>', distributionMethod='<IDEDistributionMethodDevelopmentSigned: 0x7fd60a917740>', team='<IDEProvisioningBasicTeam: 0x7fd60cd49b50; teamID='XTM65VN8C5', teamName='sewon ahn'>'>
	<IDEDistributionContext: 0x7fd60cebe230; archive = '<IDEArchive: 0x7fd609d0ca60>', distributionMethod='<IDEDistributionMethodDevelopmentSigned: 0x7fd60a917740>', team='<IDEProvisioningBasicTeam: 0x7fd60cd49b50; teamID='XTM65VN8C5', teamName='sewon ahn'>'>
	<IDEDistributionContext: 0x7fd609f315b0; archive = '<IDEArchive: 0x7fd609d0ca60>', distributionMethod='<IDEDistributionMethodDevelopmentSigned: 0x7fd60a917740>', team='<IDEProvisioningBasicTeam: 0x7fd60cd49b50; teamID='XTM65VN8C5', teamName='sewon ahn'>'>
	<IDEDistributionContext: 0x7fd609d2ffe0; archive = '<IDEArchive: 0x7fd609d0ca60>', distributionMethod='<IDEDistributionMethodDevelopmentSigned: 0x7fd60a917740>', team='<IDEProvisioningBasicTeam: 0x7fd60cd49b50; teamID='XTM65VN8C5', teamName='sewon ahn'>'>
	<IDEDistributionContext: 0x7fd60cd0edc0; archive = '<IDEArchive: 0x7fd609d0ca60>', distributionMethod='<IDEDistributionMethodDevelopmentSigned: 0x7fd60a917740>', team='<IDEProvisioningBasicTeam: 0x7fd60cd49b50; teamID='XTM65VN8C5', teamName='sewon ahn'>'>
	<IDEDistributionContext: 0x7fd60a94d6e0; archive = '<IDEArchive: 0x7fd609d0ca60>', distributionMethod='<IDEDistributionMethodDevelopmentSigned: 0x7fd60a917740>', team='<IDEProvisioningBasicTeam: 0x7fd60cd49b50; teamID='XTM65VN8C5', teamName='sewon ahn'>'>
	<IDEDistributionContext: 0x7fd60a954580; archive = '<IDEArchive: 0x7fd609d0ca60>', distributionMethod='<IDEDistributionMethodDevelopmentSigned: 0x7fd60a917740>', team='<IDEProvisioningBasicTeam: 0x7fd60cd49b50; teamID='XTM65VN8C5', teamName='sewon ahn'>'>
	<IDEDistributionContext: 0x7fd609139260; archive = '<IDEArchive: 0x7fd609d0ca60>', distributionMethod='<IDEDistributionMethodDevelopmentSigned: 0x7fd60a917740>', team='<IDEProvisioningBasicTeam: 0x7fd60cd49b50; teamID='XTM65VN8C5', teamName='sewon ahn'>'>
	<IDEDistributionContext: 0x7fd609c9aef0; archive = '<IDEArchive: 0x7fd609d0ca60>', distributionMethod='<IDEDistributionMethodDevelopmentSigned: 0x7fd60a917740>', team='(null)'>
	<IDEDistributionContext: 0x7fd604481500; archive = '<IDEArchive: 0x7fd609d0ca60>', distributionMethod='(null)', team='(null)'>
</IDEDistributionProcessingPipelineContext: 0x7fd6097d5f50>
2018-08-23 07:11:55 +0000  Processing step: IDEDistributionCreateDestRootStep
2018-08-23 07:11:55 +0000  Processing step: IDEDistributionCopyItemStep
2018-08-23 07:11:55 +0000  Running /usr/bin/ditto '-V' '/Users/sewonist/Library/Developer/Xcode/Archives/2018-08-23/Unity-iPhone 23-08-2018, 4.11 PM.xcarchive/Products/Applications/pillar.app' '/var/folders/x2/59hg8n2x57zglq5h9c6ghsx40000gp/T/XcodeDistPipeline.P0L/Root/Payload/pillar.app'
2018-08-23 07:11:55 +0000  >>> Copying /Users/sewonist/Library/Developer/Xcode/Archives/2018-08-23/Unity-iPhone 23-08-2018, 4.11 PM.xcarchive/Products/Applications/pillar.app 
2018-08-23 07:11:55 +0000  copying file ./_CodeSignature/CodeResources ... 
2018-08-23 07:11:55 +0000  18645 bytes for ./_CodeSignature/CodeResources
2018-08-23 07:11:55 +0000  copying file ./LaunchImage-1100-Portrait-2436h@3x.png ... 
2018-08-23 07:11:55 +0000  14552 bytes for ./LaunchImage-1100-Portrait-2436h@3x.png
2018-08-23 07:11:55 +0000  copying file ./LaunchImage@2x.png ... 
2018-08-23 07:11:55 +0000  3933 bytes for ./LaunchImage@2x.png
copying file ./LaunchScreen-iPhonePortrait.png ... 
2018-08-23 07:11:55 +0000  138 bytes for ./LaunchScreen-iPhonePortrait.png
copying file ./LaunchScreen-iPhoneLandscape.png ... 
2018-08-23 07:11:55 +0000  138 bytes for ./LaunchScreen-iPhoneLandscape.png
2018-08-23 07:11:55 +0000  copying file ./LaunchScreen-iPad.nib ... 
2018-08-23 07:11:55 +0000  1443 bytes for ./LaunchScreen-iPad.nib
2018-08-23 07:11:55 +0000  copying file ./LaunchImage-568h@2x.png ... 
2018-08-23 07:11:55 +0000  4617 bytes for ./LaunchImage-568h@2x.png
2018-08-23 07:11:55 +0000  copying file ./LaunchScreen-iPhone.nib ... 
2018-08-23 07:11:55 +0000  1453 bytes for ./LaunchScreen-iPhone.nib
2018-08-23 07:11:55 +0000  copying file ./AppIcon60x60@2x.png ... 
2018-08-23 07:11:55 +0000  2149 bytes for ./AppIcon60x60@2x.png
2018-08-23 07:11:55 +0000  copying file ./LaunchImage-1100-Landscape-2436h@3x.png ... 
2018-08-23 07:11:55 +0000  12707 bytes for ./LaunchImage-1100-Landscape-2436h@3x.png
2018-08-23 07:11:55 +0000  copying file ./LaunchImage-800-667h@2x.png ... 
2018-08-23 07:11:55 +0000  5949 bytes for ./LaunchImage-800-667h@2x.png
2018-08-23 07:11:55 +0000  copying file ./LaunchImage-Portrait@2x~ipad.png ... 
2018-08-23 07:11:55 +0000  15515 bytes for ./LaunchImage-Portrait@2x~ipad.png
2018-08-23 07:11:55 +0000  copying file ./LaunchImage-Portrait~ipad.png ... 
2018-08-23 07:11:55 +0000  4691 bytes for ./LaunchImage-Portrait~ipad.png
2018-08-23 07:11:55 +0000  copying file ./pillar ... 
2018-08-23 07:11:55 +0000  35694800 bytes for ./pillar
copying file ./AppIcon60x60@3x.png ... 
2018-08-23 07:11:55 +0000  3144 bytes for ./AppIcon60x60@3x.png
copying file ./LaunchScreen-iPad.png ... 
138 bytes for ./LaunchScreen-iPad.png
copying file ./LaunchImage-Landscape~ipad.png ... 
4433 bytes for ./LaunchImage-Landscape~ipad.png
copying file ./LaunchImage-700-Portrait~ipad.png ... 
4691 bytes for ./LaunchImage-700-Portrait~ipad.png
copying file ./Assets.car ... 
29640 bytes for ./Assets.car
copying file ./AppIcon76x76@2x~ipad.png ... 
2663 bytes for ./AppIcon76x76@2x~ipad.png
copying file ./LaunchImage-800-Portrait-736h@3x.png ... 
14196 bytes for ./LaunchImage-800-Portrait-736h@3x.png
copying file ./LaunchImage-700@2x.png ... 
3933 bytes for ./LaunchImage-700@2x.png
copying file ./AppIcon83.5x83.5@2x~ipad.png ... 
2949 bytes for ./AppIcon83.5x83.5@2x~ipad.png
copying file ./LaunchImage-700-568h@2x.png ... 
4617 bytes for ./LaunchImage-700-568h@2x.png
copying file ./LaunchImage-Landscape@2x~ipad.png ... 
14943 bytes for ./LaunchImage-Landscape@2x~ipad.png
copying file ./LaunchImage-700-Landscape@2x~ipad.png ... 
14943 bytes for ./LaunchImage-700-Landscape@2x~ipad.png
copying file ./Frameworks/Vuforia.framework/_CodeSignature/CodeResources ... 
2202 bytes for ./Frameworks/Vuforia.framework/_CodeSignature/CodeResources
copying file ./Frameworks/Vuforia.framework/Vuforia ... 
2018-08-23 07:11:55 +0000  33175264 bytes for ./Frameworks/Vuforia.framework/Vuforia
copying file ./Frameworks/Vuforia.framework/Info.plist ... 
2018-08-23 07:11:55 +0000  706 bytes for ./Frameworks/Vuforia.framework/Info.plist
copying file ./Vuforia/sb-pillar.dat ... 
43444 bytes for ./Vuforia/sb-pillar.dat
copying file ./Vuforia/sb-pillar.xml ... 
256 bytes for ./Vuforia/sb-pillar.xml
copying file ./LaunchImage.png ... 
1425 bytes for ./LaunchImage.png
copying file ./embedded.mobileprovision ... 
7848 bytes for ./embedded.mobileprovision
copying file ./Data/Managed/SymbolMap-32 ... 
790648 bytes for ./Data/Managed/SymbolMap-32
copying file ./Data/Managed/Resources/mscorlib.dll-resources.dat ... 
337563 bytes for ./Data/Managed/Resources/mscorlib.dll-resources.dat
copying file ./Data/Managed/mono/2.0/machine.config ... 
27625 bytes for ./Data/Managed/mono/2.0/machine.config
copying file ./Data/Managed/mono/4.0/machine.config ... 
33648 bytes for ./Data/Managed/mono/4.0/machine.config
copying file ./Data/Managed/Metadata/global-metadata.dat ... 
2018-08-23 07:11:55 +0000  2643120 bytes for ./Data/Managed/Metadata/global-metadata.dat
2018-08-23 07:11:55 +0000  copying file ./Data/globalgamemanagers ... 
34488 bytes for ./Data/globalgamemanagers
copying file ./Data/boot.config ... 
2018-08-23 07:11:55 +0000  68 bytes for ./Data/boot.config
copying file ./Data/resources.assets ... 
2018-08-23 07:11:55 +0000  5276 bytes for ./Data/resources.assets
2018-08-23 07:11:55 +0000  copying file ./Data/Resources/unity_builtin_extra ... 
2018-08-23 07:11:55 +0000  649336 bytes for ./Data/Resources/unity_builtin_extra
2018-08-23 07:11:55 +0000  copying file ./Data/unity default resources ... 
2018-08-23 07:11:55 +0000  6174708 bytes for ./Data/unity default resources
copying file ./Data/sharedassets0.assets.resS ... 
2018-08-23 07:11:55 +0000  2097156 bytes for ./Data/sharedassets0.assets.resS
copying file ./Data/sharedassets0.assets ... 
2018-08-23 07:11:55 +0000  397840 bytes for ./Data/sharedassets0.assets
copying file ./Data/level0.resS ... 
2018-08-23 07:11:55 +0000  393212 bytes for ./Data/level0.resS
copying file ./Data/level0 ... 
2018-08-23 07:11:55 +0000  7952 bytes for ./Data/level0
2018-08-23 07:11:55 +0000  copying file ./Data/Raw/Vuforia/sb-pillar.dat ... 
2018-08-23 07:11:55 +0000  43444 bytes for ./Data/Raw/Vuforia/sb-pillar.dat
2018-08-23 07:11:55 +0000  copying file ./Data/Raw/Vuforia/sb-pillar.xml ... 
2018-08-23 07:11:55 +0000  256 bytes for ./Data/Raw/Vuforia/sb-pillar.xml
2018-08-23 07:11:55 +0000  copying file ./Data/globalgamemanagers.assets ... 
2018-08-23 07:11:55 +0000  49108 bytes for ./Data/globalgamemanagers.assets
2018-08-23 07:11:55 +0000  copying file ./LaunchImage-800-Landscape-736h@3x.png ... 
2018-08-23 07:11:55 +0000  12887 bytes for ./LaunchImage-800-Landscape-736h@3x.png
copying file ./LaunchImage-700-Portrait@2x~ipad.png ... 
2018-08-23 07:11:55 +0000  15515 bytes for ./LaunchImage-700-Portrait@2x~ipad.png
copying file ./LaunchImage-700-Landscape~ipad.png ... 
2018-08-23 07:11:55 +0000  4433 bytes for ./LaunchImage-700-Landscape~ipad.png
copying file ./Info.plist ... 
2018-08-23 07:11:55 +0000  2598 bytes for ./Info.plist
copying file ./PkgInfo ... 
2018-08-23 07:11:55 +0000  8 bytes for ./PkgInfo
copying file ./AppIcon76x76~ipad.png ... 
2018-08-23 07:11:55 +0000  2929 bytes for ./AppIcon76x76~ipad.png
2018-08-23 07:11:55 +0000  
2018-08-23 07:11:55 +0000  2018-08-23 07:11:55 +0000  /usr/bin/ditto exited with 0
2018-08-23 07:11:55 +0000  

2018-08-23 07:11:55 +0000  Processing step: IDEDistributionEmbedProfileStep
2018-08-23 07:11:55 +0000  Skipping profile for item: <IDEDistributionItem: 0x7fd60cc29cc0 'com.vuforia.Vuforia' '<DVTFilePath:0x7fd609012660:'/Users/sewonist/Library/Developer/Xcode/Archives/2018-08-23/Unity-iPhone 23-08-2018, 4.11 PM.xcarchive/Products/Applications/pillar.app/Frameworks/Vuforia.framework'>'>
2018-08-23 07:11:55 +0000  Processing step: IDEDistributionAppThinningPlistStep
2018-08-23 07:11:55 +0000  Skipping step: IDEDistributionAppThinningPlistStep because it said so
2018-08-23 07:11:55 +0000  Processing step: IDEDistributionCompileBitcodeStep
2018-08-23 07:11:55 +0000  Skipping step: IDEDistributionCompileBitcodeStep because it said so
2018-08-23 07:11:55 +0000  Processing step: IDEDistributionCodeSlimmingStep
2018-08-23 07:11:55 +0000  Processing step: IDEDistributionCopyBCSymbolMapsStep
2018-08-23 07:11:55 +0000  Skipping step: IDEDistributionCopyBCSymbolMapsStep because it said so
2018-08-23 07:11:55 +0000  Skipping step: IDEDistributionCopyBCSymbolMapsStep because it said so
2018-08-23 07:11:55 +0000  Processing step: IDEDistributionSymbolsStep
2018-08-23 07:11:55 +0000  Skipping step: IDEDistributionSymbolsStep because it said so
2018-08-23 07:11:55 +0000  Skipping step: IDEDistributionSymbolsStep because it said so
2018-08-23 07:11:55 +0000  Processing step: IDEDistributionAppThinningStep
2018-08-23 07:11:55 +0000  Skipping step: IDEDistributionAppThinningStep because it said so
2018-08-23 07:11:55 +0000  Processing step: IDEDistributionODRStep
2018-08-23 07:11:55 +0000  Processing step: IDEDistributionStripXattrsStep
2018-08-23 07:11:55 +0000  Skipping stripping extended attributes of item: <IDEDistributionItem: 0x7fd60cc29cc0 'com.vuforia.Vuforia' '<DVTFilePath:0x7fd609012660:'/Users/sewonist/Library/Developer/Xcode/Archives/2018-08-23/Unity-iPhone 23-08-2018, 4.11 PM.xcarchive/Products/Applications/pillar.app/Frameworks/Vuforia.framework'>'>
2018-08-23 07:11:55 +0000  Running /usr/bin/xattr '-crs' '/var/folders/x2/59hg8n2x57zglq5h9c6ghsx40000gp/T/XcodeDistPipeline.P0L/Root/Payload/pillar.app'
2018-08-23 07:11:55 +0000  2018-08-23 07:11:55 +0000  

2018-08-23 07:11:55 +0000  /usr/bin/xattr exited with 0
2018-08-23 07:11:55 +0000  
2018-08-23 07:11:55 +0000  2018-08-23 07:11:55 +0000  Processing step: IDEDistributionCodesignStep

2018-08-23 07:11:55 +0000  Entitlements for <IDEDistributionItem: 0x7fd60cc29cc0 'com.vuforia.Vuforia' '<DVTFilePath:0x7fd609012660:'/Users/sewonist/Library/Developer/Xcode/Archives/2018-08-23/Unity-iPhone 23-08-2018, 4.11 PM.xcarchive/Products/Applications/pillar.app/Frameworks/Vuforia.framework'>'>: {
}
2018-08-23 07:11:55 +0000  Writing entitlements for <IDEDistributionItem: 0x7fd60cc29cc0 'com.vuforia.Vuforia' '<DVTFilePath:0x7fd609012660:'/Users/sewonist/Library/Developer/Xcode/Archives/2018-08-23/Unity-iPhone 23-08-2018, 4.11 PM.xcarchive/Products/Applications/pillar.app/Frameworks/Vuforia.framework'>'> to: /var/folders/x2/59hg8n2x57zglq5h9c6ghsx40000gp/T/XcodeDistPipeline.P0L/entitlementsu1vcBg
2018-08-23 07:11:55 +0000  Running /usr/bin/codesign '-vvv' '--force' '--sign' '6F25882F9FFED419B313A5A94FFC739B5B43F541' '--preserve-metadata=identifier,flags' '--entitlements' '/var/folders/x2/59hg8n2x57zglq5h9c6ghsx40000gp/T/XcodeDistPipeline.P0L/entitlementsu1vcBg' '/var/folders/x2/59hg8n2x57zglq5h9c6ghsx40000gp/T/XcodeDistPipeline.P0L/Root/Payload/pillar.app/Frameworks/Vuforia.framework'
2018-08-23 07:11:55 +0000  /var/folders/x2/59hg8n2x57zglq5h9c6ghsx40000gp/T/XcodeDistPipeline.P0L/Root/Payload/pillar.app/Frameworks/Vuforia.framework: replacing existing signature
2018-08-23 07:11:55 +0000  /var/folders/x2/59hg8n2x57zglq5h9c6ghsx40000gp/T/XcodeDistPipeline.P0L/Root/Payload/pillar.app/Frameworks/Vuforia.framework: signed bundle with Mach-O universal (armv7 arm64) [com.vuforia.Vuforia]
2018-08-23 07:11:55 +0000  
2018-08-23 07:11:55 +0000  
2018-08-23 07:11:55 +0000  
2018-08-23 07:11:55 +0000  
2018-08-23 07:11:55 +0000  
2018-08-23 07:11:55 +0000  
2018-08-23 07:11:55 +0000  
2018-08-23 07:11:55 +0000  
2018-08-23 07:11:55 +0000  
2018-08-23 07:11:55 +0000  
2018-08-23 07:11:55 +0000  
2018-08-23 07:11:55 +0000  
2018-08-23 07:11:55 +0000  
2018-08-23 07:11:55 +0000  
2018-08-23 07:11:55 +0000  
2018-08-23 07:11:55 +0000  
2018-08-23 07:11:55 +0000  
2018-08-23 07:11:55 +0000  
2018-08-23 07:11:55 +0000  
2018-08-23 07:11:55 +0000  
2018-08-23 07:11:55 +0000  2018-08-23 07:11:55 +0000  /usr/bin/codesign exited with 0

2018-08-23 07:11:55 +0000  2018-08-23 07:11:55 +0000  

2018-08-23 07:11:55 +0000  Entitlements for <IDEDistributionItem: 0x7fd604a8a6f0 'com.sewonist.sb.pillar' '<DVTFilePath:0x7fd6094c86a0:'/Users/sewonist/Library/Developer/Xcode/Archives/2018-08-23/Unity-iPhone 23-08-2018, 4.11 PM.xcarchive/Products/Applications/pillar.app'>'>: {
    "application-identifier" = "GY7SHFT4RW.com.sewonist.sb.pillar";
    "com.apple.developer.team-identifier" = XTM65VN8C5;
    "get-task-allow" = 1;
    "keychain-access-groups" =     (
        "GY7SHFT4RW.com.sewonist.sb.pillar"
    );
}
2018-08-23 07:11:55 +0000  Writing entitlements for <IDEDistributionItem: 0x7fd604a8a6f0 'com.sewonist.sb.pillar' '<DVTFilePath:0x7fd6094c86a0:'/Users/sewonist/Library/Developer/Xcode/Archives/2018-08-23/Unity-iPhone 23-08-2018, 4.11 PM.xcarchive/Products/Applications/pillar.app'>'> to: /var/folders/x2/59hg8n2x57zglq5h9c6ghsx40000gp/T/XcodeDistPipeline.P0L/entitlementsLIN7z7
2018-08-23 07:11:55 +0000  Running /usr/bin/codesign '-vvv' '--force' '--sign' '6F25882F9FFED419B313A5A94FFC739B5B43F541' '--preserve-metadata=identifier,flags' '--entitlements' '/var/folders/x2/59hg8n2x57zglq5h9c6ghsx40000gp/T/XcodeDistPipeline.P0L/entitlementsLIN7z7' '/var/folders/x2/59hg8n2x57zglq5h9c6ghsx40000gp/T/XcodeDistPipeline.P0L/Root/Payload/pillar.app'
2018-08-23 07:11:55 +0000  /var/folders/x2/59hg8n2x57zglq5h9c6ghsx40000gp/T/XcodeDistPipeline.P0L/Root/Payload/pillar.app: replacing existing signature
2018-08-23 07:11:56 +0000  /var/folders/x2/59hg8n2x57zglq5h9c6ghsx40000gp/T/XcodeDistPipeline.P0L/Root/Payload/pillar.app: signed app bundle with Mach-O universal (armv7 arm64) [com.sewonist.sb.pillar]
2018-08-23 07:11:56 +0000  2018-08-23 07:11:56 +0000  

2018-08-23 07:11:56 +0000  
2018-08-23 07:11:56 +0000  
2018-08-23 07:11:56 +0000  
2018-08-23 07:11:56 +0000  
2018-08-23 07:11:56 +0000  
2018-08-23 07:11:56 +0000  
2018-08-23 07:11:56 +0000  
2018-08-23 07:11:56 +0000  
2018-08-23 07:11:56 +0000  
2018-08-23 07:11:56 +0000  
2018-08-23 07:11:56 +0000  
2018-08-23 07:11:56 +0000  
2018-08-23 07:11:56 +0000  
2018-08-23 07:11:56 +0000  
2018-08-23 07:11:56 +0000  
2018-08-23 07:11:56 +0000  
2018-08-23 07:11:56 +0000  
2018-08-23 07:11:56 +0000  
2018-08-23 07:11:56 +0000  
2018-08-23 07:11:56 +0000  
2018-08-23 07:11:56 +0000  
2018-08-23 07:11:56 +0000  
2018-08-23 07:11:56 +0000  /usr/bin/codesign exited with 0
2018-08-23 07:11:56 +0000  
2018-08-23 07:11:56 +0000  
2018-08-23 07:11:56 +0000  Processing step: IDEDistributionStreamingZipItemStep
2018-08-23 07:11:56 +0000  Skipping step: IDEDistributionStreamingZipItemStep because it said so
2018-08-23 07:11:56 +0000  Skipping step: IDEDistributionStreamingZipItemStep because it said so
2018-08-23 07:11:56 +0000  Processing step: IDEDistributionCreateIPAStep
2018-08-23 07:11:56 +0000  Running /usr/bin/ditto '-V' '-c' '-k' '--norsrc' '/var/folders/x2/59hg8n2x57zglq5h9c6ghsx40000gp/T/XcodeDistPipeline.P0L/Root' '/var/folders/x2/59hg8n2x57zglq5h9c6ghsx40000gp/T/XcodeDistPipeline.P0L/Packages/Unity-iPhone.ipa'
2018-08-23 07:11:56 +0000  >>> Copying /var/folders/x2/59hg8n2x57zglq5h9c6ghsx40000gp/T/XcodeDistPipeline.P0L/Root 
2018-08-23 07:11:56 +0000  copying file ./Payload/pillar.app/_CodeSignature/CodeResources ... 
2018-08-23 07:11:56 +0000  18645 bytes for ./Payload/pillar.app/_CodeSignature/CodeResources
2018-08-23 07:11:56 +0000  copying file ./Payload/pillar.app/LaunchImage-1100-Portrait-2436h@3x.png ... 
2018-08-23 07:11:56 +0000  14552 bytes for ./Payload/pillar.app/LaunchImage-1100-Portrait-2436h@3x.png
copying file ./Payload/pillar.app/LaunchImage@2x.png ... 
2018-08-23 07:11:56 +0000  3933 bytes for ./Payload/pillar.app/LaunchImage@2x.png
2018-08-23 07:11:56 +0000  copying file ./Payload/pillar.app/LaunchScreen-iPhonePortrait.png ... 
2018-08-23 07:11:56 +0000  138 bytes for ./Payload/pillar.app/LaunchScreen-iPhonePortrait.png
copying file ./Payload/pillar.app/LaunchScreen-iPhoneLandscape.png ... 
2018-08-23 07:11:56 +0000  138 bytes for ./Payload/pillar.app/LaunchScreen-iPhoneLandscape.png
copying file ./Payload/pillar.app/LaunchScreen-iPad.nib ... 
2018-08-23 07:11:56 +0000  1443 bytes for ./Payload/pillar.app/LaunchScreen-iPad.nib
copying file ./Payload/pillar.app/LaunchImage-568h@2x.png ... 
2018-08-23 07:11:56 +0000  4617 bytes for ./Payload/pillar.app/LaunchImage-568h@2x.png
copying file ./Payload/pillar.app/LaunchScreen-iPhone.nib ... 
2018-08-23 07:11:56 +0000  1453 bytes for ./Payload/pillar.app/LaunchScreen-iPhone.nib
copying file ./Payload/pillar.app/AppIcon60x60@2x.png ... 
2018-08-23 07:11:56 +0000  2149 bytes for ./Payload/pillar.app/AppIcon60x60@2x.png
copying file ./Payload/pillar.app/LaunchImage-1100-Landscape-2436h@3x.png ... 
2018-08-23 07:11:56 +0000  12707 bytes for ./Payload/pillar.app/LaunchImage-1100-Landscape-2436h@3x.png
copying file ./Payload/pillar.app/LaunchImage-800-667h@2x.png ... 
2018-08-23 07:11:56 +0000  5949 bytes for ./Payload/pillar.app/LaunchImage-800-667h@2x.png
2018-08-23 07:11:56 +0000  copying file ./Payload/pillar.app/LaunchImage-Portrait@2x~ipad.png ... 
2018-08-23 07:11:56 +0000  15515 bytes for ./Payload/pillar.app/LaunchImage-Portrait@2x~ipad.png
copying file ./Payload/pillar.app/LaunchImage-Portrait~ipad.png ... 
2018-08-23 07:11:56 +0000  4691 bytes for ./Payload/pillar.app/LaunchImage-Portrait~ipad.png
2018-08-23 07:11:56 +0000  copying file ./Payload/pillar.app/pillar ... 
2018-08-23 07:11:58 +0000  35694800 bytes for ./Payload/pillar.app/pillar
copying file ./Payload/pillar.app/AppIcon60x60@3x.png ... 
2018-08-23 07:11:58 +0000  3144 bytes for ./Payload/pillar.app/AppIcon60x60@3x.png
copying file ./Payload/pillar.app/LaunchScreen-iPad.png ... 
138 bytes for ./Payload/pillar.app/LaunchScreen-iPad.png
copying file ./Payload/pillar.app/LaunchImage-Landscape~ipad.png ... 
4433 bytes for ./Payload/pillar.app/LaunchImage-Landscape~ipad.png
copying file ./Payload/pillar.app/LaunchImage-700-Portrait~ipad.png ... 
4691 bytes for ./Payload/pillar.app/LaunchImage-700-Portrait~ipad.png
copying file ./Payload/pillar.app/Assets.car ... 
2018-08-23 07:11:58 +0000  29640 bytes for ./Payload/pillar.app/Assets.car
copying file ./Payload/pillar.app/AppIcon76x76@2x~ipad.png ... 
2018-08-23 07:11:58 +0000  2663 bytes for ./Payload/pillar.app/AppIcon76x76@2x~ipad.png
copying file ./Payload/pillar.app/LaunchImage-800-Portrait-736h@3x.png ... 
2018-08-23 07:11:58 +0000  14196 bytes for ./Payload/pillar.app/LaunchImage-800-Portrait-736h@3x.png
copying file ./Payload/pillar.app/LaunchImage-700@2x.png ... 
2018-08-23 07:11:58 +0000  3933 bytes for ./Payload/pillar.app/LaunchImage-700@2x.png
2018-08-23 07:11:58 +0000  copying file ./Payload/pillar.app/AppIcon83.5x83.5@2x~ipad.png ... 
2018-08-23 07:11:58 +0000  2949 bytes for ./Payload/pillar.app/AppIcon83.5x83.5@2x~ipad.png
copying file ./Payload/pillar.app/LaunchImage-700-568h@2x.png ... 
2018-08-23 07:11:58 +0000  4617 bytes for ./Payload/pillar.app/LaunchImage-700-568h@2x.png
copying file ./Payload/pillar.app/LaunchImage-Landscape@2x~ipad.png ... 
2018-08-23 07:11:58 +0000  14943 bytes for ./Payload/pillar.app/LaunchImage-Landscape@2x~ipad.png
copying file ./Payload/pillar.app/LaunchImage-700-Landscape@2x~ipad.png ... 
2018-08-23 07:11:58 +0000  14943 bytes for ./Payload/pillar.app/LaunchImage-700-Landscape@2x~ipad.png
2018-08-23 07:11:58 +0000  copying file ./Payload/pillar.app/Frameworks/Vuforia.framework/_CodeSignature/CodeResources ... 
2018-08-23 07:11:58 +0000  2202 bytes for ./Payload/pillar.app/Frameworks/Vuforia.framework/_CodeSignature/CodeResources
2018-08-23 07:11:58 +0000  copying file ./Payload/pillar.app/Frameworks/Vuforia.framework/Vuforia ... 
2018-08-23 07:11:59 +0000  33175552 bytes for ./Payload/pillar.app/Frameworks/Vuforia.framework/Vuforia
copying file ./Payload/pillar.app/Frameworks/Vuforia.framework/Info.plist ... 
2018-08-23 07:11:59 +0000  706 bytes for ./Payload/pillar.app/Frameworks/Vuforia.framework/Info.plist
copying file ./Payload/pillar.app/Vuforia/sb-pillar.dat ... 
2018-08-23 07:11:59 +0000  43444 bytes for ./Payload/pillar.app/Vuforia/sb-pillar.dat
copying file ./Payload/pillar.app/Vuforia/sb-pillar.xml ... 
2018-08-23 07:11:59 +0000  256 bytes for ./Payload/pillar.app/Vuforia/sb-pillar.xml
copying file ./Payload/pillar.app/LaunchImage.png ... 
1425 bytes for ./Payload/pillar.app/LaunchImage.png
copying file ./Payload/pillar.app/embedded.mobileprovision ... 
7848 bytes for ./Payload/pillar.app/embedded.mobileprovision
copying file ./Payload/pillar.app/Data/Managed/SymbolMap-32 ... 
2018-08-23 07:11:59 +0000  790648 bytes for ./Payload/pillar.app/Data/Managed/SymbolMap-32
2018-08-23 07:11:59 +0000  copying file ./Payload/pillar.app/Data/Managed/Resources/mscorlib.dll-resources.dat ... 
2018-08-23 07:11:59 +0000  337563 bytes for ./Payload/pillar.app/Data/Managed/Resources/mscorlib.dll-resources.dat
2018-08-23 07:11:59 +0000  copying file ./Payload/pillar.app/Data/Managed/mono/2.0/machine.config ... 
2018-08-23 07:11:59 +0000  27625 bytes for ./Payload/pillar.app/Data/Managed/mono/2.0/machine.config
2018-08-23 07:11:59 +0000  copying file ./Payload/pillar.app/Data/Managed/mono/4.0/machine.config ... 
2018-08-23 07:11:59 +0000  33648 bytes for ./Payload/pillar.app/Data/Managed/mono/4.0/machine.config
2018-08-23 07:11:59 +0000  copying file ./Payload/pillar.app/Data/Managed/Metadata/global-metadata.dat ... 
2018-08-23 07:11:59 +0000  2643120 bytes for ./Payload/pillar.app/Data/Managed/Metadata/global-metadata.dat
2018-08-23 07:11:59 +0000  copying file ./Payload/pillar.app/Data/globalgamemanagers ... 
2018-08-23 07:11:59 +0000  34488 bytes for ./Payload/pillar.app/Data/globalgamemanagers
copying file ./Payload/pillar.app/Data/boot.config ... 
2018-08-23 07:11:59 +0000  68 bytes for ./Payload/pillar.app/Data/boot.config
copying file ./Payload/pillar.app/Data/resources.assets ... 
2018-08-23 07:11:59 +0000  5276 bytes for ./Payload/pillar.app/Data/resources.assets
2018-08-23 07:11:59 +0000  copying file ./Payload/pillar.app/Data/Resources/unity_builtin_extra ... 
2018-08-23 07:11:59 +0000  649336 bytes for ./Payload/pillar.app/Data/Resources/unity_builtin_extra
2018-08-23 07:11:59 +0000  copying file ./Payload/pillar.app/Data/unity default resources ... 
2018-08-23 07:11:59 +0000  6174708 bytes for ./Payload/pillar.app/Data/unity default resources
copying file ./Payload/pillar.app/Data/sharedassets0.assets.resS ... 
2018-08-23 07:11:59 +0000  2097156 bytes for ./Payload/pillar.app/Data/sharedassets0.assets.resS
copying file ./Payload/pillar.app/Data/sharedassets0.assets ... 
2018-08-23 07:11:59 +0000  397840 bytes for ./Payload/pillar.app/Data/sharedassets0.assets
copying file ./Payload/pillar.app/Data/level0.resS ... 
2018-08-23 07:11:59 +0000  393212 bytes for ./Payload/pillar.app/Data/level0.resS
2018-08-23 07:11:59 +0000  copying file ./Payload/pillar.app/Data/level0 ... 
2018-08-23 07:11:59 +0000  7952 bytes for ./Payload/pillar.app/Data/level0
2018-08-23 07:11:59 +0000  copying file ./Payload/pillar.app/Data/Raw/Vuforia/sb-pillar.dat ... 
2018-08-23 07:11:59 +0000  43444 bytes for ./Payload/pillar.app/Data/Raw/Vuforia/sb-pillar.dat
copying file ./Payload/pillar.app/Data/Raw/Vuforia/sb-pillar.xml ... 
2018-08-23 07:11:59 +0000  256 bytes for ./Payload/pillar.app/Data/Raw/Vuforia/sb-pillar.xml
2018-08-23 07:11:59 +0000  copying file ./Payload/pillar.app/Data/globalgamemanagers.assets ... 
2018-08-23 07:11:59 +0000  49108 bytes for ./Payload/pillar.app/Data/globalgamemanagers.assets
2018-08-23 07:11:59 +0000  copying file ./Payload/pillar.app/LaunchImage-800-Landscape-736h@3x.png ... 
2018-08-23 07:11:59 +0000  12887 bytes for ./Payload/pillar.app/LaunchImage-800-Landscape-736h@3x.png
copying file ./Payload/pillar.app/LaunchImage-700-Portrait@2x~ipad.png ... 
2018-08-23 07:11:59 +0000  15515 bytes for ./Payload/pillar.app/LaunchImage-700-Portrait@2x~ipad.png
copying file ./Payload/pillar.app/LaunchImage-700-Landscape~ipad.png ... 
2018-08-23 07:11:59 +0000  4433 bytes for ./Payload/pillar.app/LaunchImage-700-Landscape~ipad.png
copying file ./Payload/pillar.app/Info.plist ... 
2018-08-23 07:11:59 +0000  2598 bytes for ./Payload/pillar.app/Info.plist
copying file ./Payload/pillar.app/PkgInfo ... 
2018-08-23 07:11:59 +0000  8 bytes for ./Payload/pillar.app/PkgInfo
copying file ./Payload/pillar.app/AppIcon76x76~ipad.png ... 
2018-08-23 07:11:59 +0000  2929 bytes for ./Payload/pillar.app/AppIcon76x76~ipad.png
2018-08-23 07:11:59 +0000  
2018-08-23 07:11:59 +0000  2018-08-23 07:12:00 +0000  /usr/bin/ditto exited with 0

2018-08-23 07:12:00 +0000  
2018-08-23 07:12:00 +0000  Processing step: IDEDistributionCreateManifestStep
